2016-11-13 14:46:37,250 INFO [{}] start thread --- ./hlam/1.txt
2016-11-13 14:46:37,256 INFO [{}] start thread --- ./hlam/2.txt
2016-11-13 14:46:37,257 INFO [{}] Thread-0   unique word   Вы
2016-11-13 14:46:37,261 INFO [{}] Thread-0   unique word   помните
2016-11-13 14:46:37,262 INFO [{}] Thread-0   unique word   вс
2016-11-13 14:46:37,262 INFO [{}] start thread --- ./hlam/3.txt
2016-11-13 14:46:37,262 INFO [{}] Thread-0   unique word   конечно
2016-11-13 14:46:37,262 INFO [{}] Thread-0   unique word   Как
2016-11-13 14:46:37,262 INFO [{}] Thread-0   unique word   я
2016-11-13 14:46:37,263 INFO [{}] Thread-0   unique word   стоял
2016-11-13 14:46:37,263 INFO [{}] Thread-1   unique word   Большое
2016-11-13 14:46:37,263 INFO [{}] Thread-1   unique word   видится
2016-11-13 14:46:37,263 INFO [{}] Thread-1   unique word   на
2016-11-13 14:46:37,264 INFO [{}] Thread-1   unique word   расстоянье
2016-11-13 14:46:37,264 INFO [{}] Thread-2   unique word   Любимая
2016-11-13 14:46:37,264 INFO [{}] Thread-0   unique word   Приблизившись
2016-11-13 14:46:37,266 INFO [{}] Thread-0   unique word   к
2016-11-13 14:46:37,266 INFO [{}] Thread-0   unique word   стене
2016-11-13 14:46:37,267 INFO [{}] Thread-2   unique word   Я
2016-11-13 14:46:37,267 INFO [{}] Thread-2   unique word   мучил
2016-11-13 14:46:37,267 INFO [{}] Thread-2   unique word   вас
2016-11-13 14:46:37,267 INFO [{}] Thread-1   unique word   Когда
2016-11-13 14:46:37,267 INFO [{}] Thread-1   unique word   кипит
2016-11-13 14:46:37,267 INFO [{}] Thread-1   unique word   морская
2016-11-13 14:46:37,268 INFO [{}] Thread-1   unique word   гладь
2016-11-13 14:46:37,268 INFO [{}] Thread-2   unique word   У
2016-11-13 14:46:37,268 INFO [{}] Find duplicate -----  Thread-2-вас
2016-11-13 14:46:37,268 INFO [{}] End - Thread-2
2016-11-13 14:46:37,268 INFO [{}] Thread-0   unique word   Взволнованно
2016-11-13 14:46:37,268 INFO [{}] End - Thread-0
2016-11-13 14:46:37,268 INFO [{}] Thread-1   unique word   Корабль
2016-11-13 14:46:37,268 INFO [{}] End - Thread-1
2016-11-13 14:46:37,269 INFO [{}] we haw some problems---------------
2016-11-13 15:43:43,434 INFO [{}] start thread --- ./hlam/1.txt
2016-11-13 15:43:43,436 INFO [{}] Thread-0   unique word   Вы
2016-11-13 15:43:43,438 INFO [{}] Thread-0   unique word   помните
2016-11-13 15:43:43,438 INFO [{}] start thread --- ./hlam/2.txt
2016-11-13 15:43:43,438 INFO [{}] Thread-0   unique word   вс
2016-11-13 15:43:43,440 INFO [{}] Thread-0   unique word   конечно
2016-11-13 15:43:43,440 INFO [{}] start thread --- ./hlam/3.txt
2016-11-13 15:43:43,440 INFO [{}] Thread-1   unique word   Большое
2016-11-13 15:43:43,440 INFO [{}] Thread-1   unique word   видится
2016-11-13 15:43:43,441 INFO [{}] Thread-1   unique word   на
2016-11-13 15:43:43,441 INFO [{}] Thread-1   unique word   расстоянье
2016-11-13 15:43:43,441 INFO [{}] Thread-0   unique word   Как
2016-11-13 15:43:43,441 INFO [{}] Thread-0   unique word   я
2016-11-13 15:43:43,441 INFO [{}] Thread-0   unique word   стоял
2016-11-13 15:43:43,441 INFO [{}] Thread-1   unique word   Когда
2016-11-13 15:43:43,441 INFO [{}] Thread-1   unique word   кипит
2016-11-13 15:43:43,443 INFO [{}] Thread-1   unique word   морская
2016-11-13 15:43:43,443 INFO [{}] Thread-1   unique word   гладь
2016-11-13 15:43:43,443 INFO [{}] Thread-2   unique word   Любимая
2016-11-13 15:43:43,443 INFO [{}] Thread-1   unique word   Корабль
2016-11-13 15:43:43,443 INFO [{}] Thread-1   unique word   в
2016-11-13 15:43:43,443 INFO [{}] Thread-1   unique word   плачевном
2016-11-13 15:43:43,444 INFO [{}] Thread-1   unique word   состоянье
2016-11-13 15:43:43,444 INFO [{}] Thread-0   unique word   Приблизившись
2016-11-13 15:43:43,444 INFO [{}] Thread-0   unique word   к
2016-11-13 15:43:43,444 INFO [{}] Thread-0   unique word   стене
2016-11-13 15:43:43,444 INFO [{}] Thread-1   unique word   Земля
2016-11-13 15:43:43,444 INFO [{}] Thread-1   unique word   корабль
2016-11-13 15:43:43,445 INFO [{}] Thread-2   unique word   Я
2016-11-13 15:43:43,445 INFO [{}] Thread-2   unique word   мучил
2016-11-13 15:43:43,445 INFO [{}] Thread-2   unique word   вас
2016-11-13 15:43:43,445 INFO [{}] Thread-1   unique word   Но
2016-11-13 15:43:43,445 INFO [{}] Thread-1   unique word   ктото
2016-11-13 15:43:43,445 INFO [{}] Thread-1   unique word   вдруг
2016-11-13 15:43:43,445 INFO [{}] Thread-0   unique word   Взволнованно
2016-11-13 15:43:43,446 INFO [{}] Thread-1   unique word   За
2016-11-13 15:43:43,446 INFO [{}] Thread-1   unique word   новой
2016-11-13 15:43:43,446 INFO [{}] Thread-1   unique word   жизнью
2016-11-13 15:43:43,446 INFO [{}] Find duplicate -----  Thread-1-новой
2016-11-13 15:43:43,446 INFO [{}] End - Thread-1
2016-11-13 15:43:43,446 INFO [{}] Thread-2   unique word   У
2016-11-13 15:43:43,446 INFO [{}] End - Thread-2
2016-11-13 15:43:43,446 INFO [{}] Thread-0   unique word   ходили
2016-11-13 15:43:43,447 INFO [{}] End - Thread-0
2016-11-13 15:43:43,447 INFO [{}] we haw some problems---------------
2016-11-13 15:47:43,091 INFO [{}] start thread --- ./hlam/1.txt
2016-11-13 15:47:43,096 INFO [{}] start thread --- ./hlam/2.txt
2016-11-13 15:47:43,098 INFO [{}] start thread --- ./hlam/3.txt
2016-11-13 15:47:43,103 INFO [{}] Thread-2   unique word   Любимая
2016-11-13 15:47:43,103 INFO [{}] Thread-0   unique word   Вы
2016-11-13 15:47:43,103 INFO [{}] Thread-0   unique word   помните
2016-11-13 15:47:43,103 INFO [{}] Thread-2   unique word   Я
2016-11-13 15:47:43,103 INFO [{}] Thread-2   unique word   мучил
2016-11-13 15:47:43,104 INFO [{}] Thread-2   unique word   вас
2016-11-13 15:47:43,104 INFO [{}] Thread-1   unique word   Большое
2016-11-13 15:47:43,104 INFO [{}] Thread-1   unique word   видится
2016-11-13 15:47:43,104 INFO [{}] Thread-1   unique word   на
2016-11-13 15:47:43,104 INFO [{}] Thread-1   unique word   расстоянье
2016-11-13 15:47:43,104 INFO [{}] Thread-2   unique word   У
2016-11-13 15:47:43,104 INFO [{}] Find duplicate -----  Thread-2-вас
2016-11-13 15:47:43,104 INFO [{}] End - Thread-2
2016-11-13 15:47:43,104 INFO [{}] Thread-0   unique word   вс
2016-11-13 15:47:43,106 INFO [{}] End - Thread-0
2016-11-13 15:47:43,106 INFO [{}] Thread-1   unique word   Когда
2016-11-13 15:47:43,107 INFO [{}] End - Thread-1
2016-11-13 15:47:43,107 INFO [{}] we haw some problems---------------
2016-11-13 15:47:53,482 INFO [{}] start thread --- ./hlam/1.txt
2016-11-13 15:47:53,484 INFO [{}] Thread-0   unique word   Вы
2016-11-13 15:47:53,486 INFO [{}] Thread-0   unique word   помните
2016-11-13 15:47:53,487 INFO [{}] start thread --- ./hlam/2.txt
2016-11-13 15:47:53,487 INFO [{}] Thread-0   unique word   вс
2016-11-13 15:47:53,489 INFO [{}] Thread-0   unique word   конечно
2016-11-13 15:47:53,489 INFO [{}] start thread --- ./hlam/3.txt
2016-11-13 15:47:53,489 INFO [{}] Thread-1   unique word   Большое
2016-11-13 15:47:53,489 INFO [{}] Thread-1   unique word   видится
2016-11-13 15:47:53,489 INFO [{}] Thread-1   unique word   на
2016-11-13 15:47:53,490 INFO [{}] Thread-1   unique word   расстоянье
2016-11-13 15:47:53,490 INFO [{}] Thread-0   unique word   Как
2016-11-13 15:47:53,490 INFO [{}] Thread-0   unique word   я
2016-11-13 15:47:53,490 INFO [{}] Thread-0   unique word   стоял
2016-11-13 15:47:53,490 INFO [{}] Thread-1   unique word   Когда
2016-11-13 15:47:53,490 INFO [{}] Thread-1   unique word   кипит
2016-11-13 15:47:53,492 INFO [{}] Thread-1   unique word   морская
2016-11-13 15:47:53,492 INFO [{}] Thread-1   unique word   гладь
2016-11-13 15:47:53,492 INFO [{}] Thread-2   unique word   Любимая
2016-11-13 15:47:53,492 INFO [{}] Thread-1   unique word   Корабль
2016-11-13 15:47:53,492 INFO [{}] Thread-1   unique word   в
2016-11-13 15:47:53,492 INFO [{}] Thread-1   unique word   плачевном
2016-11-13 15:47:53,492 INFO [{}] Thread-1   unique word   состоянье
2016-11-13 15:47:53,492 INFO [{}] Thread-0   unique word   Приблизившись
2016-11-13 15:47:53,493 INFO [{}] Thread-0   unique word   к
2016-11-13 15:47:53,493 INFO [{}] Thread-0   unique word   стене
2016-11-13 15:47:53,493 INFO [{}] Thread-1   unique word   Земля
2016-11-13 15:47:53,493 INFO [{}] Thread-1   unique word   корабль
2016-11-13 15:47:53,493 INFO [{}] Thread-2   unique word   Я
2016-11-13 15:47:53,493 INFO [{}] Thread-2   unique word   мучил
2016-11-13 15:47:53,493 INFO [{}] Thread-2   unique word   вас
2016-11-13 15:47:53,493 INFO [{}] Thread-1   unique word   Но
2016-11-13 15:47:53,493 INFO [{}] Thread-1   unique word   ктото
2016-11-13 15:47:53,494 INFO [{}] Thread-1   unique word   вдруг
2016-11-13 15:47:53,494 INFO [{}] Thread-0   unique word   Взволнованно
2016-11-13 15:47:53,494 INFO [{}] Thread-0   unique word   ходили
2016-11-13 15:47:53,494 INFO [{}] Thread-0   unique word   по
2016-11-13 15:47:53,494 INFO [{}] Thread-0   unique word   комнате
2016-11-13 15:47:53,495 INFO [{}] Thread-1   unique word   За
2016-11-13 15:47:53,495 INFO [{}] Thread-1   unique word   новой
2016-11-13 15:47:53,495 INFO [{}] Thread-1   unique word   жизнью
2016-11-13 15:47:53,495 INFO [{}] Find duplicate -----  Thread-1-новой
2016-11-13 15:47:53,495 INFO [{}] End - Thread-1
2016-11-13 15:47:53,495 INFO [{}] Thread-2   unique word   У
2016-11-13 15:47:53,495 INFO [{}] End - Thread-2
2016-11-13 15:47:53,495 INFO [{}] Thread-0   unique word   И
2016-11-13 15:47:53,496 INFO [{}] End - Thread-0
2016-11-13 15:47:53,496 INFO [{}] we haw some problems---------------
